<?xml version="1.0" encoding="UTF-8"?>
<testng-results skipped="0" failed="0" ignored="0" total="1" passed="1">
  <reporter-output>
  </reporter-output>
  <suite name="Suite" duration-ms="14210" started-at="2020-04-11T09:02:28 IST" finished-at="2020-04-11T09:02:42 IST">
    <groups>
    </groups>
    <test name="Test" duration-ms="14210" started-at="2020-04-11T09:02:28 IST" finished-at="2020-04-11T09:02:42 IST">
      <class name="FirstScript">
        <test-method status="PASS" signature="launchBrowser()[pri:0, instance:FirstScript@731a74c]" name="launchBrowser" duration-ms="14136" started-at="2020-04-11T09:02:28 IST" finished-at="2020-04-11T09:02:42 IST">
          <reporter-output>
          </reporter-output>
        </test-method> <!-- launchBrowser -->
      </class> <!-- FirstScript -->
    </test> <!-- Test -->
  </suite> <!-- Suite -->
</testng-results>
